<?xml version="1.0" encoding="UTF-8"?>
<robot generator="Rebot 7.3.1 (Python 3.13.1 on win32)" generated="2025-10-04T13:55:20.272007" rpa="false" schemaversion="5">
<suite id="s1" name="E2E-Tests" source="C:\Users\miska\Desktop\swt-todo-list-app-main\Software-Testing-Project-for-Course-TEKS5466\e2e-tests">
<suite id="s1-s1" name="Test" source="C:\Users\miska\Desktop\swt-todo-list-app-main\Software-Testing-Project-for-Course-TEKS5466\e2e-tests\test.robot">
<test id="s1-s1-t1" name="Registering Should Be Possible" line="20">
<kw name="Register">
<kw name="New Browser" owner="Browser">
<msg time="2025-10-04T13:55:17.117388" level="INFO">Switching browser to browser=7c6e82e2-5876-40db-923c-9adb984fb193</msg>
<msg time="2025-10-04T13:55:17.118467" level="INFO">Successfully changed active browser: browser=7c6e82e2-5876-40db-923c-9adb984fb193</msg>
<msg time="2025-10-04T13:55:17.118541" level="INFO">Reusing existing browser with id: browser=7c6e82e2-5876-40db-923c-9adb984fb193</msg>
<arg>headless=${TRUE}</arg>
<tag>BrowserControl</tag>
<tag>Setter</tag>
<doc>Create a new playwright Browser with specified options.</doc>
<status status="PASS" start="2025-10-04T13:55:17.117023" elapsed="0.001557"/>
</kw>
<kw name="New Page" owner="Browser">
<msg time="2025-10-04T13:55:17.278848" level="INFO">Successfully initialized new page object and opened url: http://localhost:4321/register</msg>
<msg time="2025-10-04T13:55:17.278910" level="INFO">No context was open. New context was automatically opened when this page is created.</msg>
<arg>${URL}/register</arg>
<tag>BrowserControl</tag>
<tag>Setter</tag>
<doc>Open a new Page.</doc>
<status status="PASS" start="2025-10-04T13:55:17.118678" elapsed="0.160323"/>
</kw>
<kw name="Fill Text" owner="Browser">
<msg time="2025-10-04T13:55:17.279570" level="INFO">Fills the text 'testuser' in the given field.</msg>
<arg>id=username</arg>
<arg>${USERNAME}</arg>
<tag>PageContent</tag>
<tag>Setter</tag>
<doc>Clears and fills the given ``txt`` into the text field found by ``selector``.</doc>
<status status="PASS" start="2025-10-04T13:55:17.279133" elapsed="0.027630"/>
</kw>
<kw name="Fill Text" owner="Browser">
<msg time="2025-10-04T13:55:17.307416" level="INFO">Fills the text 'password' in the given field.</msg>
<arg>id=password</arg>
<arg>${PASSWORD}</arg>
<tag>PageContent</tag>
<tag>Setter</tag>
<doc>Clears and fills the given ``txt`` into the text field found by ``selector``.</doc>
<status status="PASS" start="2025-10-04T13:55:17.306962" elapsed="0.008575"/>
</kw>
<kw name="Click" owner="Browser">
<msg time="2025-10-04T13:55:17.316135" level="INFO">Clicks the element '//html/body/main/astro-island/div/form/div[3]/button[2]'.</msg>
<arg>//html/body/main/astro-island/div/form/div[3]/button[2]</arg>
<tag>PageContent</tag>
<tag>Setter</tag>
<doc>Simulates mouse click on the element found by ``selector``.</doc>
<status status="PASS" start="2025-10-04T13:55:17.315742" elapsed="0.065759"/>
</kw>
<kw name="Get Url" owner="Browser">
<arg>==</arg>
<arg>http://localhost:4321/todo-lists</arg>
<tag>Assertion</tag>
<tag>Getter</tag>
<tag>PageContent</tag>
<doc>Returns the current URL.</doc>
<status status="PASS" start="2025-10-04T13:55:17.381649" elapsed="0.514514"/>
</kw>
<status status="PASS" start="2025-10-04T13:55:17.116764" elapsed="0.779511"/>
</kw>
<kw name="Get Text" owner="Browser">
<msg time="2025-10-04T13:55:17.973630" level="INFO">Text: 'Todo Manager\nMy todo lists\ntestuser Logout\nMy todo lists\nNew todo list\n\nCreate your first todo list with the button above\n\nMade with ❤️ , 😓, 🥲 and\nAstro\nSolidJS\nTailwindCSS\nDaisyUI\nIconify'</msg>
<arg>body</arg>
<arg>contains</arg>
<arg>first</arg>
<tag>Assertion</tag>
<tag>Getter</tag>
<tag>PageContent</tag>
<doc>Returns text attribute of the element found by ``selector``.</doc>
<status status="PASS" start="2025-10-04T13:55:17.896496" elapsed="0.077232"/>
</kw>
<msg time="2025-10-04T13:55:17.980863" level="INFO">Switching context to context=2f9dec93-41cc-4be8-a714-fca7dbc66021 in CURRENT</msg>
<msg time="2025-10-04T13:55:17.983816" level="INFO">Successfully changed active context: context=2f9dec93-41cc-4be8-a714-fca7dbc66021</msg>
<msg time="2025-10-04T13:55:17.987521" level="INFO">Successfully closed Context</msg>
<tag>test:retry(10)</tag>
<status status="PASS" start="2025-10-04T13:55:17.114028" elapsed="0.859938">[RETRY] PASS on 2. retry.</status>
</test>
<test id="s1-s1-t2" name="Valid Logout And Login" line="27">
<kw name="Erase Databases" owner="script">
<status status="PASS" start="2025-10-04T13:55:17.990182" elapsed="0.038171"/>
</kw>
<kw name="Register">
<kw name="New Browser" owner="Browser">
<msg time="2025-10-04T13:55:18.029383" level="INFO">Switching browser to browser=7c6e82e2-5876-40db-923c-9adb984fb193</msg>
<msg time="2025-10-04T13:55:18.030851" level="INFO">Successfully changed active browser: browser=7c6e82e2-5876-40db-923c-9adb984fb193</msg>
<msg time="2025-10-04T13:55:18.030927" level="INFO">Reusing existing browser with id: browser=7c6e82e2-5876-40db-923c-9adb984fb193</msg>
<arg>headless=${TRUE}</arg>
<tag>BrowserControl</tag>
<tag>Setter</tag>
<doc>Create a new playwright Browser with specified options.</doc>
<status status="PASS" start="2025-10-04T13:55:18.028975" elapsed="0.001990"/>
</kw>
<kw name="New Page" owner="Browser">
<msg time="2025-10-04T13:55:18.189269" level="INFO">Successfully initialized new page object and opened url: http://localhost:4321/register</msg>
<msg time="2025-10-04T13:55:18.189329" level="INFO">No context was open. New context was automatically opened when this page is created.</msg>
<arg>${URL}/register</arg>
<tag>BrowserControl</tag>
<tag>Setter</tag>
<doc>Open a new Page.</doc>
<status status="PASS" start="2025-10-04T13:55:18.031077" elapsed="0.158343"/>
</kw>
<kw name="Fill Text" owner="Browser">
<msg time="2025-10-04T13:55:18.190014" level="INFO">Fills the text 'testuser' in the given field.</msg>
<arg>id=username</arg>
<arg>${USERNAME}</arg>
<tag>PageContent</tag>
<tag>Setter</tag>
<doc>Clears and fills the given ``txt`` into the text field found by ``selector``.</doc>
<status status="PASS" start="2025-10-04T13:55:18.189547" elapsed="0.028616"/>
</kw>
<kw name="Fill Text" owner="Browser">
<msg time="2025-10-04T13:55:18.218725" level="INFO">Fills the text 'password' in the given field.</msg>
<arg>id=password</arg>
<arg>${PASSWORD}</arg>
<tag>PageContent</tag>
<tag>Setter</tag>
<doc>Clears and fills the given ``txt`` into the text field found by ``selector``.</doc>
<status status="PASS" start="2025-10-04T13:55:18.218328" elapsed="0.011165"/>
</kw>
<kw name="Click" owner="Browser">
<msg time="2025-10-04T13:55:18.230116" level="INFO">Clicks the element '//html/body/main/astro-island/div/form/div[3]/button[2]'.</msg>
<arg>//html/body/main/astro-island/div/form/div[3]/button[2]</arg>
<tag>PageContent</tag>
<tag>Setter</tag>
<doc>Simulates mouse click on the element found by ``selector``.</doc>
<status status="PASS" start="2025-10-04T13:55:18.229654" elapsed="0.071238"/>
</kw>
<kw name="Get Url" owner="Browser">
<arg>==</arg>
<arg>http://localhost:4321/todo-lists</arg>
<tag>Assertion</tag>
<tag>Getter</tag>
<tag>PageContent</tag>
<doc>Returns the current URL.</doc>
<status status="PASS" start="2025-10-04T13:55:18.301043" elapsed="0.240618"/>
</kw>
<status status="PASS" start="2025-10-04T13:55:18.028665" elapsed="0.513119"/>
</kw>
<kw name="Get Url" owner="Browser">
<arg>==</arg>
<arg>http://localhost:4321/todo-lists</arg>
<tag>Assertion</tag>
<tag>Getter</tag>
<tag>PageContent</tag>
<doc>Returns the current URL.</doc>
<status status="PASS" start="2025-10-04T13:55:18.542033" elapsed="0.002436"/>
</kw>
<kw name="Click" owner="Browser">
<msg time="2025-10-04T13:55:18.545246" level="INFO">Clicks the element 'text="Logout"'.</msg>
<arg>text="Logout"</arg>
<tag>PageContent</tag>
<tag>Setter</tag>
<doc>Simulates mouse click on the element found by ``selector``.</doc>
<status status="PASS" start="2025-10-04T13:55:18.544751" elapsed="0.135781"/>
</kw>
<kw name="Get Url" owner="Browser">
<arg>==</arg>
<arg>http://localhost:4321/login</arg>
<tag>Assertion</tag>
<tag>Getter</tag>
<tag>PageContent</tag>
<doc>Returns the current URL.</doc>
<status status="PASS" start="2025-10-04T13:55:18.680776" elapsed="0.001501"/>
</kw>
<kw name="Get Text" owner="Browser">
<msg time="2025-10-04T13:55:18.732974" level="INFO">Text: 'Todo Manager\nLogin or sign up to get started\nWelcome to Todo Manager\n\nPlease login to use the application.\n\nIn case you do not have an account, you can register through here or through the button below on the left.\n\nUsername *\nPassword *\nTo Registration\nLogin\nMade with ❤️ , 😓, 🥲 and\nAstro\nSolidJS\nTailwindCSS\nDaisyUI\nIconify'</msg>
<arg>body</arg>
<arg>contains</arg>
<arg>Welcome</arg>
<tag>Assertion</tag>
<tag>Getter</tag>
<tag>PageContent</tag>
<doc>Returns text attribute of the element found by ``selector``.</doc>
<status status="PASS" start="2025-10-04T13:55:18.682506" elapsed="0.050550"/>
</kw>
<kw name="Login">
<kw name="New Browser" owner="Browser">
<msg time="2025-10-04T13:55:18.733936" level="INFO">Switching browser to browser=7c6e82e2-5876-40db-923c-9adb984fb193</msg>
<msg time="2025-10-04T13:55:18.735289" level="INFO">Successfully changed active browser: browser=7c6e82e2-5876-40db-923c-9adb984fb193</msg>
<msg time="2025-10-04T13:55:18.735354" level="INFO">Reusing existing browser with id: browser=7c6e82e2-5876-40db-923c-9adb984fb193</msg>
<arg>headless=${TRUE}</arg>
<tag>BrowserControl</tag>
<tag>Setter</tag>
<doc>Create a new playwright Browser with specified options.</doc>
<status status="PASS" start="2025-10-04T13:55:18.733596" elapsed="0.001795"/>
</kw>
<kw name="New Page" owner="Browser">
<msg time="2025-10-04T13:55:18.870735" level="INFO">Successfully initialized new page object and opened url: http://localhost:4321/login</msg>
<arg>${URL}/login</arg>
<tag>BrowserControl</tag>
<tag>Setter</tag>
<doc>Open a new Page.</doc>
<status status="PASS" start="2025-10-04T13:55:18.735487" elapsed="0.135381"/>
</kw>
<kw name="Fill Text" owner="Browser">
<msg time="2025-10-04T13:55:18.871372" level="INFO">Fills the text 'testuser' in the given field.</msg>
<arg>id=username</arg>
<arg>${USERNAME}</arg>
<tag>PageContent</tag>
<tag>Setter</tag>
<doc>Clears and fills the given ``txt`` into the text field found by ``selector``.</doc>
<status status="PASS" start="2025-10-04T13:55:18.870991" elapsed="0.029274"/>
</kw>
<kw name="Fill Text" owner="Browser">
<msg time="2025-10-04T13:55:18.900814" level="INFO">Fills the text 'password' in the given field.</msg>
<arg>id=password</arg>
<arg>${PASSWORD}</arg>
<tag>PageContent</tag>
<tag>Setter</tag>
<doc>Clears and fills the given ``txt`` into the text field found by ``selector``.</doc>
<status status="PASS" start="2025-10-04T13:55:18.900410" elapsed="0.011226"/>
</kw>
<kw name="Click" owner="Browser">
<msg time="2025-10-04T13:55:18.912124" level="INFO">Clicks the element '//html/body/main/astro-island/div/form/div[3]/button[2]'.</msg>
<arg>//html/body/main/astro-island/div/form/div[3]/button[2]</arg>
<tag>PageContent</tag>
<tag>Setter</tag>
<doc>Simulates mouse click on the element found by ``selector``.</doc>
<status status="PASS" start="2025-10-04T13:55:18.911777" elapsed="0.047535"/>
</kw>
<status status="PASS" start="2025-10-04T13:55:18.733325" elapsed="0.226083"/>
</kw>
<kw name="Get Text" owner="Browser">
<msg time="2025-10-04T13:55:19.239194" level="INFO">Text: 'Todo Manager\nMy todo lists\ntestuser Logout\nMy todo lists\nNew todo list\n\nCreate your first todo list with the button above\n\nMade with ❤️ , 😓, 🥲 and\nAstro\nSolidJS\nTailwindCSS\nDaisyUI\nIconify'</msg>
<arg>body</arg>
<arg>contains</arg>
<arg>first</arg>
<tag>Assertion</tag>
<tag>Getter</tag>
<tag>PageContent</tag>
<doc>Returns text attribute of the element found by ``selector``.</doc>
<status status="PASS" start="2025-10-04T13:55:18.959633" elapsed="0.279649"/>
</kw>
<kw name="Get Url" owner="Browser">
<arg>==</arg>
<arg>http://localhost:4321/todo-lists</arg>
<tag>Assertion</tag>
<tag>Getter</tag>
<tag>PageContent</tag>
<doc>Returns the current URL.</doc>
<status status="PASS" start="2025-10-04T13:55:19.239549" elapsed="0.001800"/>
</kw>
<msg time="2025-10-04T13:55:19.251025" level="INFO">Switching context to context=833305ee-2187-4848-9901-379b233ca141 in CURRENT</msg>
<msg time="2025-10-04T13:55:19.254091" level="INFO">Successfully changed active context: context=833305ee-2187-4848-9901-379b233ca141</msg>
<msg time="2025-10-04T13:55:19.258020" level="INFO">Successfully closed Context</msg>
<tag>test:retry(10)</tag>
<status status="PASS" start="2025-10-04T13:55:17.988401" elapsed="1.253292"/>
</test>
<test id="s1-s1-t3" name="Create and delete Todos" line="39">
<kw name="Erase Databases" owner="script">
<status status="PASS" start="2025-10-04T13:55:19.260865" elapsed="0.029047"/>
</kw>
<kw name="Register">
<kw name="New Browser" owner="Browser">
<msg time="2025-10-04T13:55:19.290884" level="INFO">Switching browser to browser=7c6e82e2-5876-40db-923c-9adb984fb193</msg>
<msg time="2025-10-04T13:55:19.292188" level="INFO">Successfully changed active browser: browser=7c6e82e2-5876-40db-923c-9adb984fb193</msg>
<msg time="2025-10-04T13:55:19.292261" level="INFO">Reusing existing browser with id: browser=7c6e82e2-5876-40db-923c-9adb984fb193</msg>
<arg>headless=${TRUE}</arg>
<tag>BrowserControl</tag>
<tag>Setter</tag>
<doc>Create a new playwright Browser with specified options.</doc>
<status status="PASS" start="2025-10-04T13:55:19.290471" elapsed="0.001835"/>
</kw>
<kw name="New Page" owner="Browser">
<msg time="2025-10-04T13:55:19.460639" level="INFO">Successfully initialized new page object and opened url: http://localhost:4321/register</msg>
<msg time="2025-10-04T13:55:19.460713" level="INFO">No context was open. New context was automatically opened when this page is created.</msg>
<arg>${URL}/register</arg>
<tag>BrowserControl</tag>
<tag>Setter</tag>
<doc>Open a new Page.</doc>
<status status="PASS" start="2025-10-04T13:55:19.292409" elapsed="0.168530"/>
</kw>
<kw name="Fill Text" owner="Browser">
<msg time="2025-10-04T13:55:19.461612" level="INFO">Fills the text 'testuser' in the given field.</msg>
<arg>id=username</arg>
<arg>${USERNAME}</arg>
<tag>PageContent</tag>
<tag>Setter</tag>
<doc>Clears and fills the given ``txt`` into the text field found by ``selector``.</doc>
<status status="PASS" start="2025-10-04T13:55:19.461127" elapsed="0.028089"/>
</kw>
<kw name="Fill Text" owner="Browser">
<msg time="2025-10-04T13:55:19.489872" level="INFO">Fills the text 'password' in the given field.</msg>
<arg>id=password</arg>
<arg>${PASSWORD}</arg>
<tag>PageContent</tag>
<tag>Setter</tag>
<doc>Clears and fills the given ``txt`` into the text field found by ``selector``.</doc>
<status status="PASS" start="2025-10-04T13:55:19.489425" elapsed="0.008645"/>
</kw>
<kw name="Click" owner="Browser">
<msg time="2025-10-04T13:55:19.498631" level="INFO">Clicks the element '//html/body/main/astro-island/div/form/div[3]/button[2]'.</msg>
<arg>//html/body/main/astro-island/div/form/div[3]/button[2]</arg>
<tag>PageContent</tag>
<tag>Setter</tag>
<doc>Simulates mouse click on the element found by ``selector``.</doc>
<status status="PASS" start="2025-10-04T13:55:19.498220" elapsed="0.076679"/>
</kw>
<kw name="Get Url" owner="Browser">
<arg>==</arg>
<arg>http://localhost:4321/todo-lists</arg>
<tag>Assertion</tag>
<tag>Getter</tag>
<tag>PageContent</tag>
<doc>Returns the current URL.</doc>
<status status="PASS" start="2025-10-04T13:55:19.575053" elapsed="0.230069"/>
</kw>
<status status="PASS" start="2025-10-04T13:55:19.290205" elapsed="0.515013"/>
</kw>
<kw name="Create Two Todo Lists">
<kw name="Click" owner="Browser">
<msg time="2025-10-04T13:55:19.806039" level="INFO">Clicks the element 'text="New todo list"'.</msg>
<arg>text="New todo list"</arg>
<tag>PageContent</tag>
<tag>Setter</tag>
<doc>Simulates mouse click on the element found by ``selector``.</doc>
<status status="PASS" start="2025-10-04T13:55:19.805747" elapsed="0.143406"/>
</kw>
<kw name="Fill Text" owner="Browser">
<msg time="2025-10-04T13:55:19.949806" level="INFO">Fills the text 'Pick up the groceries' in the given field.</msg>
<arg>id=name</arg>
<arg>Pick up the groceries</arg>
<tag>PageContent</tag>
<tag>Setter</tag>
<doc>Clears and fills the given ``txt`` into the text field found by ``selector``.</doc>
<status status="PASS" start="2025-10-04T13:55:19.949342" elapsed="0.006827"/>
</kw>
<kw name="Fill Text" owner="Browser">
<msg time="2025-10-04T13:55:19.956775" level="INFO">Fills the text 'Ask instructions from the family' in the given field.</msg>
<arg>id=description</arg>
<arg>Ask instructions from the family</arg>
<tag>PageContent</tag>
<tag>Setter</tag>
<doc>Clears and fills the given ``txt`` into the text field found by ``selector``.</doc>
<status status="PASS" start="2025-10-04T13:55:19.956338" elapsed="0.006516"/>
</kw>
<kw name="Click" owner="Browser">
<msg time="2025-10-04T13:55:19.963332" level="INFO">Clicks the element 'text="Create"'.</msg>
<arg>text="Create"</arg>
<tag>PageContent</tag>
<tag>Setter</tag>
<doc>Simulates mouse click on the element found by ``selector``.</doc>
<status status="PASS" start="2025-10-04T13:55:19.962990" elapsed="0.029672"/>
</kw>
<kw name="Click" owner="Browser">
<msg time="2025-10-04T13:55:19.993396" level="INFO">Clicks the element 'text="New todo list"'.</msg>
<arg>text="New todo list"</arg>
<tag>PageContent</tag>
<tag>Setter</tag>
<doc>Simulates mouse click on the element found by ``selector``.</doc>
<status status="PASS" start="2025-10-04T13:55:19.992854" elapsed="0.067777"/>
</kw>
<kw name="Fill Text" owner="Browser">
<msg time="2025-10-04T13:55:20.061118" level="INFO">Fills the text 'Pick up the keys' in the given field.</msg>
<arg>id=name</arg>
<arg>Pick up the keys</arg>
<tag>PageContent</tag>
<tag>Setter</tag>
<doc>Clears and fills the given ``txt`` into the text field found by ``selector``.</doc>
<status status="PASS" start="2025-10-04T13:55:20.060770" elapsed="0.004392"/>
</kw>
<kw name="Fill Text" owner="Browser">
<msg time="2025-10-04T13:55:20.065618" level="INFO">Fills the text 'Ask instructions from the family' in the given field.</msg>
<arg>id=description</arg>
<arg>Ask instructions from the family</arg>
<tag>PageContent</tag>
<tag>Setter</tag>
<doc>Clears and fills the given ``txt`` into the text field found by ``selector``.</doc>
<status status="PASS" start="2025-10-04T13:55:20.065276" elapsed="0.005449"/>
</kw>
<kw name="Click" owner="Browser">
<msg time="2025-10-04T13:55:20.071200" level="INFO">Clicks the element 'text="Create"'.</msg>
<arg>text="Create"</arg>
<tag>PageContent</tag>
<tag>Setter</tag>
<doc>Simulates mouse click on the element found by ``selector``.</doc>
<status status="PASS" start="2025-10-04T13:55:20.070856" elapsed="0.040616"/>
</kw>
<status status="PASS" start="2025-10-04T13:55:19.805463" elapsed="0.306112"/>
</kw>
<kw name="Get Text" owner="Browser">
<msg time="2025-10-04T13:55:20.131208" level="INFO">Text: 'Todo Manager\nMy todo lists\ntestuser Logout\nMy todo lists\nNew todo list\nPick up the groceries\nAsk instructions from the family\nno todos\nDeleting todo list "Pick up the groceries"\n\n\nAre you sure you want to delete this todo list?\n\nCancel\nDelete\nPick up the keys\nAsk instructions from the family\nno todos\nDeleting todo list "Pick up the keys"\n\n\nAre you sure you want to delete this todo list?\n\nCancel\nDelete\nMade with ❤️ , 😓, 🥲 and\nAstro\nSolidJS\nTailwindCSS\nDaisyUI\nIconify'</msg>
<arg>body</arg>
<arg>contains</arg>
<arg>"Pick up the groceries"</arg>
<tag>Assertion</tag>
<tag>Getter</tag>
<tag>PageContent</tag>
<doc>Returns text attribute of the element found by ``selector``.</doc>
<status status="PASS" start="2025-10-04T13:55:20.111889" elapsed="0.019408"/>
</kw>
<kw name="Get Text" owner="Browser">
<msg time="2025-10-04T13:55:20.139047" level="INFO">Text: 'Todo Manager\nMy todo lists\ntestuser Logout\nMy todo lists\nNew todo list\nPick up the groceries\nAsk instructions from the family\nno todos\nDeleting todo list "Pick up the groceries"\n\n\nAre you sure you want to delete this todo list?\n\nCancel\nDelete\nPick up the keys\nAsk instructions from the family\nno todos\nDeleting todo list "Pick up the keys"\n\n\nAre you sure you want to delete this todo list?\n\nCancel\nDelete\nMade with ❤️ , 😓, 🥲 and\nAstro\nSolidJS\nTailwindCSS\nDaisyUI\nIconify'</msg>
<arg>body</arg>
<arg>contains</arg>
<arg>"Pick up the keys"</arg>
<tag>Assertion</tag>
<tag>Getter</tag>
<tag>PageContent</tag>
<doc>Returns text attribute of the element found by ``selector``.</doc>
<status status="PASS" start="2025-10-04T13:55:20.131547" elapsed="0.007581"/>
</kw>
<kw name="Delete Two Todo Lists">
<kw name="Click" owner="Browser">
<msg time="2025-10-04T13:55:20.139919" level="INFO">Clicks the element '//html/body/main/astro-island/div/div[3]/div[1]/div/div/button[3]'.</msg>
<arg>//html/body/main/astro-island/div/div[3]/div[1]/div/div/button[3]</arg>
<tag>PageContent</tag>
<tag>Setter</tag>
<doc>Simulates mouse click on the element found by ``selector``.</doc>
<status status="PASS" start="2025-10-04T13:55:20.139636" elapsed="0.034491"/>
</kw>
<kw name="Click" owner="Browser">
<msg time="2025-10-04T13:55:20.174757" level="INFO">Clicks the element '//html/body/main/astro-island/div/div[3]/div[2]/div/div/button[3]'.</msg>
<arg>//html/body/main/astro-island/div/div[3]/div[2]/div/div/button[3]</arg>
<tag>PageContent</tag>
<tag>Setter</tag>
<doc>Simulates mouse click on the element found by ``selector``.</doc>
<status status="PASS" start="2025-10-04T13:55:20.174359" elapsed="0.065526"/>
</kw>
<status status="PASS" start="2025-10-04T13:55:20.139380" elapsed="0.100646"/>
</kw>
<kw name="Get Text" owner="Browser">
<msg time="2025-10-04T13:55:20.250440" level="INFO">Text: 'Todo Manager\nMy todo lists\ntestuser Logout\nMy todo lists\nNew todo list\n\nCreate your first todo list with the button above\n\nMade with ❤️ , 😓, 🥲 and\nAstro\nSolidJS\nTailwindCSS\nDaisyUI\nIconify'</msg>
<arg>body</arg>
<arg>contains</arg>
<arg>first</arg>
<tag>Assertion</tag>
<tag>Getter</tag>
<tag>PageContent</tag>
<doc>Returns text attribute of the element found by ``selector``.</doc>
<status status="PASS" start="2025-10-04T13:55:20.240209" elapsed="0.010347"/>
</kw>
<msg time="2025-10-04T13:55:20.256783" level="INFO">Switching context to context=8a169810-1def-4a10-a44a-9f36c9ba6192 in CURRENT</msg>
<msg time="2025-10-04T13:55:20.259349" level="INFO">Successfully changed active context: context=8a169810-1def-4a10-a44a-9f36c9ba6192</msg>
<msg time="2025-10-04T13:55:20.262454" level="INFO">Successfully closed Context</msg>
<tag>test:retry(10)</tag>
<status status="PASS" start="2025-10-04T13:55:19.259133" elapsed="0.991690"/>
</test>
<status status="PASS" start="2025-10-04T13:55:11.694328" elapsed="8.569287"/>
</suite>
<status status="PASS" start="2025-10-04T13:55:11.687159" elapsed="8.580127"/>
</suite>
<statistics>
<total>
<stat pass="3" fail="0" skip="0">All Tests</stat>
</total>
<tag>
<stat pass="3" fail="0" skip="0">test:retry(10)</stat>
</tag>
<suite>
<stat name="E2E-Tests" id="s1" pass="3" fail="0" skip="0">E2E-Tests</stat>
<stat name="Test" id="s1-s1" pass="3" fail="0" skip="0">E2E-Tests.Test</stat>
</suite>
</statistics>
<errors>
<msg time="2025-10-04T13:55:17.114264" level="WARN" html="true">Test '&lt;a onclick="makeElementVisible('s1-s1-t1')" href="#s1-s1-t1" title="Link to details"&gt;Registering Should Be Possible&lt;/a&gt;' has been retried 2 times (max: 10).</msg>
</errors>
</robot>
